<?xml version="1.0" encoding="UTF-8"?>
<!-- Generated by org.testng.reporters.JUnitReportReporter -->
<testsuite hostname="Tyss-4F-Wacom" name="scripts.TestScripts" tests="1" failures="0" timestamp="16 Nov 2018 02:38:25 GMT" time="25.871" errors="0">
  <testcase name="testCreateEmployee" time="25.871" classname="scripts.TestScripts"/>
</testsuite> <!-- scripts.TestScripts -->
